C51 COMPILER V9.01   ADC                                                                   05/29/2019 21:17:31 PAGE 1   


C51 COMPILER V9.01, COMPILATION OF MODULE ADC
OBJECT MODULE PLACED IN ADC.OBJ
COMPILER INVOKED BY: C:\Keil\C51\BIN\C51.EXE ADC.c BROWSE DEBUG OBJECTEXTEND

line level    source

   1          #include "STC15F2K.h"
   2          #include "ADC.h"
   3          
   4          
   5          void InitADC()
   6          {
   7   1              P1ASF = 0x03;                   //Open channels ADC function 0100 0000 p1.6使用AD功能
   8   1              ADC_RES  = 0;                                   //Clear previous result
   9   1              ADC_LOW2 = 0;
  10   1              ADC_CONTR = ADC_POWER | ADC_SPEEDLL;
  11   1      }
  12          void GetADCResult(unsigned char ch,unsigned int *value)
  13          {
  14   1              ADC_CONTR = ADC_POWER | ADC_SPEEDLL | ch | ADC_START;
  15   1          _nop_();                        //Must wait before inquiry
  16   1          _nop_();
  17   1          _nop_();
  18   1          _nop_();
  19   1          _nop_();                        //Must wait before inquiry
  20   1          _nop_();
  21   1          while(!(ADC_CONTR & ADC_FLAG));//Wait complete flag
  22   1          ADC_CONTR &= ~ADC_FLAG;         //Close ADC
  23   1      
  24   1              *value = 0;
  25   1              *value = ADC_RES;
  26   1              *value = ((*value)*4 + ADC_LOW2);               //Return ADC result.×￠êíμ?′????ò・μ??8??ADC?á1?
  27   1      }


MODULE INFORMATION:   STATIC OVERLAYABLE
   CODE SIZE        =     72    ----
   CONSTANT SIZE    =   ----    ----
   XDATA SIZE       =   ----    ----
   PDATA SIZE       =   ----    ----
   DATA SIZE        =   ----    ----
   IDATA SIZE       =   ----    ----
   BIT SIZE         =   ----    ----
END OF MODULE INFORMATION.


C51 COMPILATION COMPLETE.  0 WARNING(S),  0 ERROR(S)
